<?xml version="1.0" encoding="UTF-8"?>
<!-- Generated by org.testng.reporters.JUnitReportReporter -->
<testsuite skipped="0" hostname="Prabeshs-MacBook-Air.local" name="com.zoho.qa.testcases.HomePageTest" tests="1" failures="0" timestamp="21 Feb 2018 03:02:26 GMT" time="29.324" errors="0">
  <testcase name="verifyHomePageTitleTest" time="29.324" classname="com.zoho.qa.testcases.HomePageTest"/>
</testsuite> <!-- com.zoho.qa.testcases.HomePageTest -->
