<?xml version="1.0" encoding="UTF-8"?>
<!-- Generated by org.testng.reporters.JUnitReportReporter -->
<testsuite skipped="0" name="com.zoho.qa.testcases.HomePageTest" tests="3" failures="0" timestamp="22 Feb 2018 05:52:29 GMT" time="107.461" errors="0">
  <testcase name="verifyHomePageTitleTest" time="32.965" classname="com.zoho.qa.testcases.HomePageTest"/>
  <testcase name="verifyUserNameTest" time="37.712" classname="com.zoho.qa.testcases.HomePageTest"/>
  <testcase name="verifyLeadsLinkTest" time="36.784" classname="com.zoho.qa.testcases.HomePageTest"/>
</testsuite> <!-- com.zoho.qa.testcases.HomePageTest -->
