<?xml version="1.0" encoding="UTF-8"?>
<!-- Generated by org.testng.reporters.JUnitReportReporter -->
<testsuite skipped="0" name="com.zoho.qa.testcases.LoginPageTest" tests="3" failures="0" timestamp="20 Feb 2018 10:13:59 GMT" time="26.007" errors="0">
  <testcase name="verifyTitlePageTest" time="8.625" classname="com.zoho.qa.testcases.LoginPageTest"/>
  <testcase name="validateLogoTest" time="8.615" classname="com.zoho.qa.testcases.LoginPageTest"/>
  <testcase name="login" time="8.767" classname="com.zoho.qa.testcases.LoginPageTest"/>
</testsuite> <!-- com.zoho.qa.testcases.LoginPageTest -->
