<?xml version="1.0" encoding="UTF-8"?>
<!-- Generated by org.testng.reporters.JUnitReportReporter -->
<testsuite skipped="0" hostname="Prabeshs-MacBook-Air.local" name="com.zoho.qa.testcases.LoginPageTest" tests="3" failures="0" timestamp="21 Feb 2018 01:16:52 GMT" time="18.271" errors="0">
  <testcase name="verifyTitlePageTest" time="6.704" classname="com.zoho.qa.testcases.LoginPageTest"/>
  <testcase name="validateLogoTest" time="5.467" classname="com.zoho.qa.testcases.LoginPageTest"/>
  <testcase name="login" time="6.100" classname="com.zoho.qa.testcases.LoginPageTest"/>
</testsuite> <!-- com.zoho.qa.testcases.LoginPageTest -->
