<?xml version="1.0" encoding="UTF-8"?>
<!-- Generated by org.testng.reporters.JUnitReportReporter -->
<testsuite skipped="0" hostname="Prabeshs-MacBook-Air.local" name="com.zoho.qa.testcases.HomePageTest" tests="3" failures="0" timestamp="23 Feb 2018 03:32:03 GMT" time="67.106" errors="0">
  <testcase name="verifyHomePageTitleTest" time="20.122" classname="com.zoho.qa.testcases.HomePageTest"/>
  <testcase name="verifyUserNameTest" time="19.036" classname="com.zoho.qa.testcases.HomePageTest"/>
  <testcase name="verifyLeadsLinkTest" time="27.948" classname="com.zoho.qa.testcases.HomePageTest"/>
</testsuite> <!-- com.zoho.qa.testcases.HomePageTest -->
